<html xmlns:tp="http://schemas.datacontract.org/2004/07/Microsoft.VisualStudio.TestPlatform.Extensions.HtmlLogger.ObjectModel" xmlns:a="http://schemas.microsoft.com/2003/10/Serialization/Arrays" xmlns:msxsl="urn:schemas-microsoft-com:xslt">
  <body>
    <h1>Test run details</h1>
    <div class="summary">
      <div class="block"><span>Total tests</span><div class="total-tests">32</div><br></div>
      <div class="block"><span>Passed  : </span><span class="passedTests">21</span><br><span>Failed  : </span><span class="failedTests">2</span><br><span>Skipped : </span><span class="skippedTests">9</span><br></div>
      <div class="block"><span>Pass percentage</span><div class="pass-percentage">65 %</div><br></div>
      <div class="block"><span>Run duration</span><div class="test-run-time">10m 31s</div><br></div><br></div>
    <h2>Failed Results</h2>
    <div class="list-row" onclick="ToggleClass('-74512031-failedResult')">C:\Users\budcr\source\repos\RemoteBlazorWebView\testassets\NUnitTestProject\bin\Debug\netcoreapp3.1\WebDriverTestProject.dll</div>
    <div class="inner-row" Id="-74512031-failedResult" style="display:block;">
      <div class="leaf-division">
        <div><span class="fail">✘</span><span> Test5Client</span><div class="duration"><span>55s 265ms</span><br></div>
        </div>
        <div class="error-info">
    Error: <span class="error-message"><pre>Assert.AreEqual failed. Expected:&lt;5&gt;. Actual:&lt;0&gt;. </pre></span><br>
    Stack trace: <span class="error-stack-trace"><pre>   at WebdriverTestProject.TestRemoteBlazorWpf.TestClient(Int32 num) in C:\Users\budcr\source\repos\RemoteBlazorWebView\testassets\NUnitTestProject\TestRemoteBlazorWpf.cs:line 184
   at WebdriverTestProject.TestRemoteBlazorWpf.Test5Client() in C:\Users\budcr\source\repos\RemoteBlazorWebView\testassets\NUnitTestProject\TestRemoteBlazorWpf.cs:line 111
</pre></span><br></div>
      </div>
      <div class="leaf-division">
        <div><span class="fail">✘</span><span> Test2Client</span><div class="duration"><span>31s 162ms</span><br></div>
        </div>
        <div class="error-info">
    Error: <span class="error-message"><pre>Test method WebdriverTestProject.TestRemoteEmbeddedBlazorWpf.Test2Client threw exception: 
OpenQA.Selenium.NoSuchElementException: no such element: Unable to locate element: {"method":"css selector","selector":".btn"}
  (Session info: chrome=92.0.4515.131)</pre></span><br>
    Stack trace: <span class="error-stack-trace"><pre>    at OpenQA.Selenium.WebDriver.UnpackAndThrowOnError(Response errorResponse)
   at OpenQA.Selenium.WebDriver.Execute(String driverCommandToExecute, Dictionary`2 parameters)
   at OpenQA.Selenium.WebDriver.FindElement(String mechanism, String value)
   at OpenQA.Selenium.By.&lt;.ctor&gt;b__11_0(ISearchContext context)
   at OpenQA.Selenium.By.FindElement(ISearchContext context)
   at OpenQA.Selenium.WebDriver.FindElement(By by)
   at WebdriverTestProject.TestRemoteBlazorWpf.TestClient(Int32 num) in C:\Users\budcr\source\repos\RemoteBlazorWebView\testassets\NUnitTestProject\TestRemoteBlazorWpf.cs:line 157
   at WebdriverTestProject.TestRemoteBlazorWpf.Test2Client() in C:\Users\budcr\source\repos\RemoteBlazorWebView\testassets\NUnitTestProject\TestRemoteBlazorWpf.cs:line 98
</pre></span><br></div>
      </div>
    </div>
    <h2>All Results</h2>
    <div class="list-row" onclick="ToggleClass('-74512031')">C:\Users\budcr\source\repos\RemoteBlazorWebView\testassets\NUnitTestProject\bin\Debug\netcoreapp3.1\WebDriverTestProject.dll</div>
    <div class="inner-row" Id="-74512031" style="display:none;">
      <div class="leaf-division">
        <div><span class="pass">✔</span><span> Test10Clicks</span><div class="duration"><span>34s 944ms</span><br></div>
        </div>
        <div class="error-info"></div>
      </div>
      <div class="leaf-division">
        <div><span class="pass">✔</span><span> Test100Clicks</span><div class="duration"><span>16s 602ms</span><br></div>
        </div>
        <div class="error-info"></div>
      </div>
      <div class="leaf-division">
        <div><span class="skip">❢</span><span> WebdriverTestProject.TestLocalBlazorForm.Test1000Clicks</span><div class="duration"><span></span><br></div>
        </div>
        <div class="error-info">
    Error: <span class="error-message"><pre>Too long</pre></span><br></div>
      </div>
      <div class="leaf-division">
        <div><span class="pass">✔</span><span> Test10Clicks</span><div class="duration"><span>11s 93ms</span><br></div>
        </div>
        <div class="error-info"></div>
      </div>
      <div class="leaf-division">
        <div><span class="pass">✔</span><span> Test100Clicks</span><div class="duration"><span>16s 95ms</span><br></div>
        </div>
        <div class="error-info"></div>
      </div>
      <div class="leaf-division">
        <div><span class="skip">❢</span><span> WebdriverTestProject.TestLocalEmbeddedBlazorForm.Test1000Clicks</span><div class="duration"><span></span><br></div>
        </div>
        <div class="error-info">
    Error: <span class="error-message"><pre>Too long</pre></span><br></div>
      </div>
      <div class="leaf-division">
        <div><span class="pass">✔</span><span> Test10Clicks</span><div class="duration"><span>10s 558ms</span><br></div>
        </div>
        <div class="error-info"></div>
      </div>
      <div class="leaf-division">
        <div><span class="pass">✔</span><span> Test100Clicks</span><div class="duration"><span>21s 213ms</span><br></div>
        </div>
        <div class="error-info"></div>
      </div>
      <div class="leaf-division">
        <div><span class="skip">❢</span><span> WebdriverTestProject.TestLocalBlazorWpf.Test1000Clicks</span><div class="duration"><span></span><br></div>
        </div>
        <div class="error-info">
    Error: <span class="error-message"><pre>Too long</pre></span><br></div>
      </div>
      <div class="leaf-division">
        <div><span class="pass">✔</span><span> Test10Clicks</span><div class="duration"><span>12s 307ms</span><br></div>
        </div>
        <div class="error-info"></div>
      </div>
      <div class="leaf-division">
        <div><span class="pass">✔</span><span> Test100Clicks</span><div class="duration"><span>17s 76ms</span><br></div>
        </div>
        <div class="error-info"></div>
      </div>
      <div class="leaf-division">
        <div><span class="skip">❢</span><span> WebdriverTestProject.TestLocalEmbeddedBlazorWpf.Test1000Clicks</span><div class="duration"><span></span><br></div>
        </div>
        <div class="error-info">
    Error: <span class="error-message"><pre>Too long</pre></span><br></div>
      </div>
      <div class="leaf-division">
        <div><span class="pass">✔</span><span> Test1Client</span><div class="duration"><span>18s 317ms</span><br></div>
        </div>
        <div class="error-info"></div>
      </div>
      <div class="leaf-division">
        <div><span class="pass">✔</span><span> Test2Client</span><div class="duration"><span>25s 810ms</span><br></div>
        </div>
        <div class="error-info"></div>
      </div>
      <div class="leaf-division">
        <div><span class="skip">❢</span><span> WebdriverTestProject.TestRemoteBlazorForm.Test10Client</span><div class="duration"><span></span><br></div>
        </div>
        <div class="error-info">
    Error: <span class="error-message"><pre>Not enough resources</pre></span><br></div>
      </div>
      <div class="leaf-division">
        <div><span class="pass">✔</span><span> Test5Client</span><div class="duration"><span>59s 30ms</span><br></div>
        </div>
        <div class="error-info"></div>
      </div>
      <div class="leaf-division">
        <div><span class="pass">✔</span><span> Test1Client</span><div class="duration"><span>19s 247ms</span><br></div>
        </div>
        <div class="error-info"></div>
      </div>
      <div class="leaf-division">
        <div><span class="pass">✔</span><span> Test2Client</span><div class="duration"><span>22s 445ms</span><br></div>
        </div>
        <div class="error-info"></div>
      </div>
      <div class="leaf-division">
        <div><span class="skip">❢</span><span> WebdriverTestProject.TestRemoteBlazorDebugForm.Test10Client</span><div class="duration"><span></span><br></div>
        </div>
        <div class="error-info">
    Error: <span class="error-message"><pre>Not enough resources</pre></span><br></div>
      </div>
      <div class="leaf-division">
        <div><span class="pass">✔</span><span> Test5Client</span><div class="duration"><span>58s 578ms</span><br></div>
        </div>
        <div class="error-info"></div>
      </div>
      <div class="leaf-division">
        <div><span class="pass">✔</span><span> Test1Client</span><div class="duration"><span>15s 172ms</span><br></div>
        </div>
        <div class="error-info"></div>
      </div>
      <div class="leaf-division">
        <div><span class="pass">✔</span><span> Test2Client</span><div class="duration"><span>23s 722ms</span><br></div>
        </div>
        <div class="error-info"></div>
      </div>
      <div class="leaf-division">
        <div><span class="skip">❢</span><span> WebdriverTestProject.TestRemoteEmbeddedBlazorForm.Test10Client</span><div class="duration"><span></span><br></div>
        </div>
        <div class="error-info">
    Error: <span class="error-message"><pre>Not enough resources</pre></span><br></div>
      </div>
      <div class="leaf-division">
        <div><span class="fail">✘</span><span> Test5Client</span><div class="duration"><span>55s 265ms</span><br></div>
        </div>
        <div class="error-info">
    Error: <span class="error-message"><pre>Assert.AreEqual failed. Expected:&lt;5&gt;. Actual:&lt;0&gt;. </pre></span><br>
    Stack trace: <span class="error-stack-trace"><pre>   at WebdriverTestProject.TestRemoteBlazorWpf.TestClient(Int32 num) in C:\Users\budcr\source\repos\RemoteBlazorWebView\testassets\NUnitTestProject\TestRemoteBlazorWpf.cs:line 184
   at WebdriverTestProject.TestRemoteBlazorWpf.Test5Client() in C:\Users\budcr\source\repos\RemoteBlazorWebView\testassets\NUnitTestProject\TestRemoteBlazorWpf.cs:line 111
</pre></span><br></div>
      </div>
      <div class="leaf-division">
        <div><span class="pass">✔</span><span> Test1Client</span><div class="duration"><span>16s 843ms</span><br></div>
        </div>
        <div class="error-info"></div>
      </div>
      <div class="leaf-division">
        <div><span class="pass">✔</span><span> Test2Client</span><div class="duration"><span>21s 881ms</span><br></div>
        </div>
        <div class="error-info"></div>
      </div>
      <div class="leaf-division">
        <div><span class="skip">❢</span><span> WebdriverTestProject.TestRemoteBlazorWpf.Test10Client</span><div class="duration"><span></span><br></div>
        </div>
        <div class="error-info">
    Error: <span class="error-message"><pre>Not enough resources</pre></span><br></div>
      </div>
      <div class="leaf-division">
        <div><span class="pass">✔</span><span> Test5Client</span><div class="duration"><span>53s 349ms</span><br></div>
        </div>
        <div class="error-info"></div>
      </div>
      <div class="leaf-division">
        <div><span class="pass">✔</span><span> Test1Client</span><div class="duration"><span>16s 174ms</span><br></div>
        </div>
        <div class="error-info"></div>
      </div>
      <div class="leaf-division">
        <div><span class="fail">✘</span><span> Test2Client</span><div class="duration"><span>31s 162ms</span><br></div>
        </div>
        <div class="error-info">
    Error: <span class="error-message"><pre>Test method WebdriverTestProject.TestRemoteEmbeddedBlazorWpf.Test2Client threw exception: 
OpenQA.Selenium.NoSuchElementException: no such element: Unable to locate element: {"method":"css selector","selector":".btn"}
  (Session info: chrome=92.0.4515.131)</pre></span><br>
    Stack trace: <span class="error-stack-trace"><pre>    at OpenQA.Selenium.WebDriver.UnpackAndThrowOnError(Response errorResponse)
   at OpenQA.Selenium.WebDriver.Execute(String driverCommandToExecute, Dictionary`2 parameters)
   at OpenQA.Selenium.WebDriver.FindElement(String mechanism, String value)
   at OpenQA.Selenium.By.&lt;.ctor&gt;b__11_0(ISearchContext context)
   at OpenQA.Selenium.By.FindElement(ISearchContext context)
   at OpenQA.Selenium.WebDriver.FindElement(By by)
   at WebdriverTestProject.TestRemoteBlazorWpf.TestClient(Int32 num) in C:\Users\budcr\source\repos\RemoteBlazorWebView\testassets\NUnitTestProject\TestRemoteBlazorWpf.cs:line 157
   at WebdriverTestProject.TestRemoteBlazorWpf.Test2Client() in C:\Users\budcr\source\repos\RemoteBlazorWebView\testassets\NUnitTestProject\TestRemoteBlazorWpf.cs:line 98
</pre></span><br></div>
      </div>
      <div class="leaf-division">
        <div><span class="skip">❢</span><span> WebdriverTestProject.TestRemoteEmbeddedBlazorWpf.Test10Client</span><div class="duration"><span></span><br></div>
        </div>
        <div class="error-info">
    Error: <span class="error-message"><pre>Not enough resources</pre></span><br></div>
      </div>
      <div class="leaf-division">
        <div><span class="pass">✔</span><span> Test5Client</span><div class="duration"><span>50s 179ms</span><br></div>
        </div>
        <div class="error-info"></div>
      </div>
    </div>
    <div>
      <h2>Error and Warning messages</h2><span>[MSTest][Discovery][C:\Users\budcr\source\repos\RemoteBlazorWebView\testassets\NUnitTestProject\bin\Debug\netcoreapp3.1\WebDriverTestProject.dll] MSTestAdapter failed to discover tests in class 'WebdriverTestProject.TestServer' of assembly 'C:\Users\budcr\source\repos\RemoteBlazorWebView\testassets\NUnitTestProject\bin\Debug\netcoreapp3.1\WebDriverTestProject.dll' because Object reference not set to an instance of an object..</span><br></div>
  </body><script language="javascript">
        function ToggleClass(id) {
        var elem = document.getElementById(id);
        if (elem.style.display == "none") {
        elem.style.display = "block";
        }
        else {
        elem.style.display = "none";
        }
        }
      </script><style>
        body { font-family: Calibri, Verdana, Arial, sans-serif; background-color: White; color: Black; }
        h2 {
        margin-top: 15px;
        margin-bottom:10px;
        }
        pre {
        white-space: pre-wrap;
        }
        .summary {font-family:monospace;
        display: -webkit-flex; /* Safari */
        -webkit-flex-wrap: wrap; /* Safari 6.1+ */
        display: flex;
        flex-wrap: wrap;
        }
        .row {
        border: 2px solid #ffffff;
        width:100%;
        cursor:pointer;
        background-color:#d7e9fa;
        }
        .list-row {
        border: 2px solid #ffffff;
        width:100%;
        cursor:pointer;
        background-color:#ffffff;
        }
        .inner-row{
        border: 2px solid #ffffff;
        padding-left:1%;
        margin-left:1%;
        background-color:#ffffff;
        }
        .block{
        width : 150px;
        }
        .leaf-division{
        border: 2px solid #ffffff;
        background-color:#e6eff7;
        }
        .pass { color: #0c0; }
        .fail { color: #c00; }
        .error-message { color : brown; }
        .error-stack-trace { color: brown; }
        .duration {float:right;padding-right:1%;}
        .total-tests { font-size : 30px}
        .test-run-time { font-size : 30px}
        .pass-percentage { font-size : 30px}
        .error-info{
        margin-left:16px;
        }
      </style>
</html>